<?xml version="1.0" encoding="UTF-8"?>
<!-- Generated by org.testng.reporters.JUnitReportReporter -->
<testsuite skipped="0" hostname="LKCONSPATHIRA02" name="com.automation.zorro.App" tests="1" failures="0" timestamp="28 May 2021 02:51:42 GMT" time="0.067" errors="0">
  <testcase name="log" time="0.067" classname="com.automation.zorro.App"/>
</testsuite> <!-- com.automation.zorro.App -->
