<?xml version="1.0" encoding="UTF-8"?>
<!-- Generated by org.testng.reporters.JUnitReportReporter -->
<testsuite skipped="0" hostname="LKCONSPATHIRA02" name="com.automation.listener.TestBlazeDemo" tests="1" failures="0" timestamp="2 Jun 2021 05:58:47 GMT" time="1.615" errors="0">
  <testcase name="pageTitleValidation" time="1.615" classname="com.automation.listener.TestBlazeDemo"/>
</testsuite> <!-- com.automation.listener.TestBlazeDemo -->
