<?xml version="1.0" encoding="UTF-8"?>
<!-- Generated by org.testng.reporters.JUnitReportReporter -->
<testsuite skipped="0" hostname="LKCONSPATHIRA02" name="com.automation.zorro.TestAPI" tests="1" failures="0" timestamp="23 May 2021 12:28:14 GMT" time="6.608" errors="0">
  <testcase name="pageTitleValidation" time="6.608" classname="com.automation.zorro.TestAPI"/>
</testsuite> <!-- com.automation.zorro.TestAPI -->
